#
# There is insufficient memory for the Java Runtime Environment to continue.
# Native memory allocation (malloc) failed to allocate 32744 bytes for ChunkPool::allocate
# Possible reasons:
#   The system is out of physical RAM or swap space
#   The process is running with CompressedOops enabled, and the Java Heap may be blocking the growth of the native heap
# Possible solutions:
#   Reduce memory load on the system
#   Increase physical memory or swap space
#   Check if swap backing store is full
#   Decrease Java heap size (-Xmx/-Xms)
#   Decrease number of Java threads
#   Decrease Java thread stack sizes (-Xss)
#   Set larger code cache with -XX:ReservedCodeCacheSize=
#   JVM is running with Unscaled Compressed Oops mode in which the Java heap is
#     placed in the first 4GB address space. The Java Heap base address is the
#     maximum limit for the native heap growth. Please use -XX:HeapBaseMinAddress
#     to set the Java Heap base and to place the Java Heap above 4GB virtual address.
# This output file may be truncated or incomplete.
#
#  Out of Memory Error (./open/src/hotspot/share/memory/arena.cpp:79), pid=34604, tid=37496
#
# JRE version: Java(TM) SE Runtime Environment (15.0.2+7) (build 15.0.2+7-27)
# Java VM: Java HotSpot(TM) 64-Bit Server VM (15.0.2+7-27, mixed mode, sharing, tiered, compressed oops, parallel gc, windows-amd64)
# No core dump will be written. Minidumps are not enabled by default on client versions of Windows
#

---------------  S U M M A R Y ------------

Command Line: --add-modules=ALL-SYSTEM --add-opens=java.base/java.util=ALL-UNNAMED --add-opens=java.base/java.lang=ALL-UNNAMED -Declipse.application=org.eclipse.jdt.ls.core.id1 -Dosgi.bundles.defaultStartLevel=4 -Declipse.product=org.eclipse.jdt.ls.core.product -Dfile.encoding=utf8 -DwatchParentProcess=false -XX:+UseParallelGC -XX:GCTimeRatio=4 -XX:AdaptiveSizePolicyWeight=90 -Dsun.zip.disableMemoryMapping=true -Xmx1G -Xms100m c:\Users\wls40\.vscode\extensions\redhat.java-0.80.0\server\plugins\org.eclipse.equinox.launcher_1.6.200.v20210416-2027.jar -configuration c:\Users\wls40\AppData\Roaming\Code\User\globalStorage\redhat.java\0.80.0\config_ss_win -data c:\Users\wls40\AppData\Roaming\Code\User\workspaceStorage\2decc0b6ac046c91412c6f07de9c97c7\redhat.java\ss_ws

Host: Intel(R) Core(TM) i7-8550U CPU @ 1.80GHz, 8 cores, 7G,  Windows 10 , 64 bit Build 19041 (10.0.19041.1023)
Time: Wed Jul 21 17:32:36 2021 대한민국 표준시 elapsed time: 0.549326 seconds (0d 0h 0m 0s)

---------------  T H R E A D  ---------------

Current thread (0x00000288f7a264d0):  JavaThread "C2 CompilerThread2" daemon [_thread_in_native, id=37496, stack(0x000000f1f2a00000,0x000000f1f2b00000)]


Current CompileTask:
C2:    549  523   !   4       java.util.jar.Attributes::read (530 bytes)

Stack: [0x000000f1f2a00000,0x000000f1f2b00000]
Native frames: (J=compiled Java code, j=interpreted, Vv=VM code, C=native code)
V  [jvm.dll+0x62ae9a]
V  [jvm.dll+0x7817a9]
V  [jvm.dll+0x782f03]
V  [jvm.dll+0x783563]
V  [jvm.dll+0x216325]
V  [jvm.dll+0x982cf]
V  [jvm.dll+0x980ad]
V  [jvm.dll+0x609d14]
V  [jvm.dll+0x6552ea]
V  [jvm.dll+0x18e47d]
V  [jvm.dll+0x1ea822]
V  [jvm.dll+0x1e996e]
V  [jvm.dll+0x178567]
V  [jvm.dll+0x1f9225]
V  [jvm.dll+0x1f72cc]
V  [jvm.dll+0x74495d]
V  [jvm.dll+0x73d75a]
V  [jvm.dll+0x629c56]
C  [ucrtbase.dll+0x21bb2]
C  [KERNEL32.DLL+0x17034]
C  [ntdll.dll+0x52651]


---------------  P R O C E S S  ---------------

Threads class SMR info:
_java_thread_list=0x00000288f7a28da0, length=13, elements={
0x00000288d9e739c0, 0x00000288f59e5470, 0x00000288f59e6b10, 0x00000288f7779670,
0x00000288f7779f30, 0x00000288f777b800, 0x00000288f777fd60, 0x00000288f7780fb0,
0x00000288f7799e90, 0x00000288f7887f00, 0x00000288f7942c50, 0x00000288f7a254b0,
0x00000288f7a264d0
}

Java Threads: ( => current thread )
  0x00000288d9e739c0 JavaThread "main" [_thread_in_Java, id=26308, stack(0x000000f1f1b00000,0x000000f1f1c00000)]
  0x00000288f59e5470 JavaThread "Reference Handler" daemon [_thread_blocked, id=28496, stack(0x000000f1f1e00000,0x000000f1f1f00000)]
  0x00000288f59e6b10 JavaThread "Finalizer" daemon [_thread_blocked, id=7176, stack(0x000000f1f1f00000,0x000000f1f2000000)]
  0x00000288f7779670 JavaThread "Signal Dispatcher" daemon [_thread_blocked, id=28768, stack(0x000000f1f2000000,0x000000f1f2100000)]
  0x00000288f7779f30 JavaThread "Attach Listener" daemon [_thread_blocked, id=32892, stack(0x000000f1f2100000,0x000000f1f2200000)]
  0x00000288f777b800 JavaThread "Service Thread" daemon [_thread_blocked, id=31840, stack(0x000000f1f2200000,0x000000f1f2300000)]
  0x00000288f777fd60 JavaThread "C2 CompilerThread0" daemon [_thread_blocked, id=31024, stack(0x000000f1f2300000,0x000000f1f2400000)]
  0x00000288f7780fb0 JavaThread "C1 CompilerThread0" daemon [_thread_blocked, id=35520, stack(0x000000f1f2400000,0x000000f1f2500000)]
  0x00000288f7799e90 JavaThread "Sweeper thread" daemon [_thread_blocked, id=32516, stack(0x000000f1f2500000,0x000000f1f2600000)]
  0x00000288f7887f00 JavaThread "Common-Cleaner" daemon [_thread_blocked, id=36540, stack(0x000000f1f2600000,0x000000f1f2700000)]
  0x00000288f7942c50 JavaThread "Notification Thread" daemon [_thread_blocked, id=22788, stack(0x000000f1f2700000,0x000000f1f2800000)]
  0x00000288f7a254b0 JavaThread "C2 CompilerThread1" daemon [_thread_in_native, id=28336, stack(0x000000f1f2900000,0x000000f1f2a00000)]
=>0x00000288f7a264d0 JavaThread "C2 CompilerThread2" daemon [_thread_in_native, id=37496, stack(0x000000f1f2a00000,0x000000f1f2b00000)]

Other Threads:
  0x00000288d9f4ec00 VMThread "VM Thread" [stack: 0x000000f1f1d00000,0x000000f1f1e00000] [id=24056]
  0x00000288f7943790 WatcherThread [stack: 0x000000f1f2800000,0x000000f1f2900000] [id=35568]
  0x00000288d9e8dce0 GCTaskThread "GC Thread#0" [stack: 0x000000f1f1c00000,0x000000f1f1d00000] [id=31768]

Threads with active compile tasks:
C2 CompilerThread1      607  640       4       java.util.HashMap::put (13 bytes)
C2 CompilerThread2      608  523   !   4       java.util.jar.Attributes::read (530 bytes)

VM state: not at safepoint (normal execution)

VM Mutex/Monitor currently owned by a thread: None

Heap address: 0x00000000c0000000, size: 1024 MB, Compressed Oops mode: 32-bit
CDS archive(s) mapped at: [0x0000000800000000-0x0000000800b50000-0x0000000800b50000), size 11862016, SharedBaseAddress: 0x0000000800000000, ArchiveRelocationMode: 0.
Compressed class space mapped at: 0x0000000800b50000-0x0000000840b50000, size: 1073741824
Narrow klass base: 0x0000000800000000, Narrow klass shift: 3, Narrow klass range: 0x100000000

GC Precious Log:
 CPUs: 8 total, 8 available
 Memory: 8066M
 Large Page Support: Disabled
 NUMA Support: Disabled
 Compressed Oops: Enabled (32-bit)
 Heap Min Capacity: 100M
 Heap Initial Capacity: 100M
 Heap Max Capacity: 1G
 Pre-touch: Disabled
 Parallel Workers: 8

Heap:
 PSYoungGen      total 29696K, used 13301K [0x00000000eab00000, 0x00000000ecc00000, 0x0000000100000000)
  eden space 25600K, 51% used [0x00000000eab00000,0x00000000eb7fd6c0,0x00000000ec400000)
  from space 4096K, 0% used [0x00000000ec800000,0x00000000ec800000,0x00000000ecc00000)
  to   space 4096K, 0% used [0x00000000ec400000,0x00000000ec400000,0x00000000ec800000)
 ParOldGen       total 68608K, used 0K [0x00000000c0000000, 0x00000000c4300000, 0x00000000eab00000)
  object space 68608K, 0% used [0x00000000c0000000,0x00000000c0000000,0x00000000c4300000)
 Metaspace       used 3736K, capacity 5163K, committed 5376K, reserved 1056768K
  class space    used 342K, capacity 468K, committed 512K, reserved 1048576K

Card table byte_map: [0x00000288f2a70000,0x00000288f2c80000] _byte_map_base: 0x00000288f2470000

Marking Bits: (ParMarkBitMap*) 0x00007ffc405fc0f0
 Begin Bits: [0x00000288f2de0000, 0x00000288f3de0000)
 End Bits:   [0x00000288f3de0000, 0x00000288f4de0000)

Polling page: 0x00000288e3860000

Metaspace:

Usage:
  Non-class:      4.58 MB capacity,     3.31 MB ( 72%) used,     1.27 MB ( 28%) free+waste,     1.50 KB ( <1%) overhead. 
      Class:    468.00 KB capacity,   343.34 KB ( 73%) used,   123.66 KB ( 26%) free+waste,     1.00 KB ( <1%) overhead. 
       Both:      5.04 MB capacity,     3.65 MB ( 72%) used,     1.39 MB ( 28%) free+waste,     2.50 KB ( <1%) overhead. 

Virtual space:
  Non-class space:        8.00 MB reserved,       4.75 MB ( 59%) committed 
      Class space:        1.00 GB reserved,     512.00 KB ( <1%) committed 
             Both:        1.01 GB reserved,       5.25 MB ( <1%) committed 

Chunk freelists:
   Non-Class:  41.00 KB
       Class:  12.00 KB
        Both:  53.00 KB

MaxMetaspaceSize: 17179869184.00 GB
CompressedClassSpaceSize: 1.00 GB

CodeHeap 'non-profiled nmethods': size=120000Kb used=216Kb max_used=216Kb free=119783Kb
 bounds [0x00000288eb350000, 0x00000288eb5c0000, 0x00000288f2880000]
CodeHeap 'profiled nmethods': size=120000Kb used=980Kb max_used=980Kb free=119020Kb
 bounds [0x00000288e3e20000, 0x00000288e4090000, 0x00000288eb350000]
CodeHeap 'non-nmethods': size=5760Kb used=1137Kb max_used=1152Kb free=4622Kb
 bounds [0x00000288e3880000, 0x00000288e3af0000, 0x00000288e3e20000]
 total_blobs=1080 nmethods=689 adapters=306
 compilation: enabled
              stopped_count=0, restarted_count=0
 full_count=0

Compilation events (20 events):
Event: 0.539 Thread 0x00000288f7780fb0  637       3       org.eclipse.osgi.internal.util.Tokenizer::skipWhiteSpace (58 bytes)
Event: 0.540 Thread 0x00000288f7780fb0 nmethod 637 0x00000288e3f00690 code [0x00000288e3f00840, 0x00000288e3f00b18]
Event: 0.540 Thread 0x00000288f7780fb0  638       3       java.lang.String::toLowerCase (8 bytes)
Event: 0.540 Thread 0x00000288f7a254b0  640       4       java.util.HashMap::put (13 bytes)
Event: 0.540 Thread 0x00000288f7780fb0 nmethod 638 0x00000288e3f00c10 code [0x00000288e3f00de0, 0x00000288e3f01158]
Event: 0.540 Thread 0x00000288f7780fb0  639       3       java.util.Locale::getDefault (4 bytes)
Event: 0.540 Thread 0x00000288f7780fb0 nmethod 639 0x00000288e3f01290 code [0x00000288e3f01420, 0x00000288e3f01518]
Event: 0.540 Thread 0x00000288f7780fb0  641       3       java.util.AbstractCollection::addAll (42 bytes)
Event: 0.541 Thread 0x00000288f7780fb0 nmethod 641 0x00000288e3f01590 code [0x00000288e3f01780, 0x00000288e3f01cb8]
Event: 0.541 Thread 0x00000288f7780fb0  642       3       java.util.concurrent.ConcurrentHashMap$Traverser::advance (188 bytes)
Event: 0.542 Thread 0x00000288f777fd60  646       4       java.nio.Buffer::hasRemaining (17 bytes)
Event: 0.542 Thread 0x00000288f7780fb0 nmethod 642 0x00000288e3f01e10 code [0x00000288e3f02040, 0x00000288e3f02ba8]
Event: 0.542 Thread 0x00000288f7780fb0  645       3       java.nio.MappedByteBuffer::position (8 bytes)
Event: 0.542 Thread 0x00000288f7780fb0 nmethod 645 0x00000288e3f02e10 code [0x00000288e3f02fc0, 0x00000288e3f03168]
Event: 0.542 Thread 0x00000288f7780fb0  644       3       jdk.internal.misc.Unsafe::getInt (7 bytes)
Event: 0.542 Thread 0x00000288f777fd60 nmethod 646 0x00000288eb382490 code [0x00000288eb382600, 0x00000288eb382678]
Event: 0.542 Thread 0x00000288f777fd60  647   !   4       java.nio.DirectByteBuffer::get (32 bytes)
Event: 0.542 Thread 0x00000288f7780fb0 nmethod 644 0x00000288e3f03210 code [0x00000288e3f033a0, 0x00000288e3f034b8]
Event: 0.542 Thread 0x00000288f7780fb0  643       1       jdk.internal.jimage.ImageHeader::getTableLength (5 bytes)
Event: 0.542 Thread 0x00000288f7780fb0 nmethod 643 0x00000288eb382790 code [0x00000288eb382920, 0x00000288eb3829d8]

GC Heap History (0 events):
No events

Deoptimization events (20 events):
Event: 0.522 Thread 0x00000288d9e739c0 Uncommon trap: trap_request=0xffffffc6 fr.pc=0x00000288eb375fdc relative=0x000000000000029c
Event: 0.522 Thread 0x00000288d9e739c0 Uncommon trap: reason=bimorphic_or_optimized_type_check action=maybe_recompile pc=0x00000288eb375fdc method=java.util.HashMap.getNode(Ljava/lang/Object;)Ljava/util/HashMap$Node; @ 128 c2
Event: 0.522 Thread 0x00000288d9e739c0 DEOPT PACKING pc=0x00000288eb375fdc sp=0x000000f1f1bfd1d0
Event: 0.522 Thread 0x00000288d9e739c0 DEOPT UNPACKING pc=0x00000288e38ce42f sp=0x000000f1f1bfd158 mode 2
Event: 0.539 Thread 0x00000288d9e739c0 Uncommon trap: trap_request=0xffffffde fr.pc=0x00000288eb377f34 relative=0x0000000000000a14
Event: 0.539 Thread 0x00000288d9e739c0 Uncommon trap: reason=class_check action=maybe_recompile pc=0x00000288eb377f34 method=java.util.HashMap.putVal(ILjava/lang/Object;Ljava/lang/Object;ZZ)Ljava/lang/Object; @ 203 c2
Event: 0.539 Thread 0x00000288d9e739c0 DEOPT PACKING pc=0x00000288eb377f34 sp=0x000000f1f1bfdd70
Event: 0.539 Thread 0x00000288d9e739c0 DEOPT UNPACKING pc=0x00000288e38ce42f sp=0x000000f1f1bfdc88 mode 2
Event: 0.539 Thread 0x00000288d9e739c0 Uncommon trap: trap_request=0xffffffde fr.pc=0x00000288eb377f34 relative=0x0000000000000a14
Event: 0.539 Thread 0x00000288d9e739c0 Uncommon trap: reason=class_check action=maybe_recompile pc=0x00000288eb377f34 method=java.util.HashMap.putVal(ILjava/lang/Object;Ljava/lang/Object;ZZ)Ljava/lang/Object; @ 203 c2
Event: 0.539 Thread 0x00000288d9e739c0 DEOPT PACKING pc=0x00000288eb377f34 sp=0x000000f1f1bfdd70
Event: 0.539 Thread 0x00000288d9e739c0 DEOPT UNPACKING pc=0x00000288e38ce42f sp=0x000000f1f1bfdc88 mode 2
Event: 0.539 Thread 0x00000288d9e739c0 Uncommon trap: trap_request=0xffffffde fr.pc=0x00000288eb377f34 relative=0x0000000000000a14
Event: 0.539 Thread 0x00000288d9e739c0 Uncommon trap: reason=class_check action=maybe_recompile pc=0x00000288eb377f34 method=java.util.HashMap.putVal(ILjava/lang/Object;Ljava/lang/Object;ZZ)Ljava/lang/Object; @ 203 c2
Event: 0.539 Thread 0x00000288d9e739c0 DEOPT PACKING pc=0x00000288eb377f34 sp=0x000000f1f1bfdd70
Event: 0.539 Thread 0x00000288d9e739c0 DEOPT UNPACKING pc=0x00000288e38ce42f sp=0x000000f1f1bfdc88 mode 2
Event: 0.539 Thread 0x00000288d9e739c0 Uncommon trap: trap_request=0xffffffde fr.pc=0x00000288eb377f34 relative=0x0000000000000a14
Event: 0.539 Thread 0x00000288d9e739c0 Uncommon trap: reason=class_check action=maybe_recompile pc=0x00000288eb377f34 method=java.util.HashMap.putVal(ILjava/lang/Object;Ljava/lang/Object;ZZ)Ljava/lang/Object; @ 203 c2
Event: 0.539 Thread 0x00000288d9e739c0 DEOPT PACKING pc=0x00000288eb377f34 sp=0x000000f1f1bfdd70
Event: 0.539 Thread 0x00000288d9e739c0 DEOPT UNPACKING pc=0x00000288e38ce42f sp=0x000000f1f1bfdc88 mode 2

Classes unloaded (0 events):
No events

Classes redefined (0 events):
No events

Internal exceptions (10 events):
Event: 0.125 Thread 0x00000288d9e739c0 Exception <a 'java/lang/NoSuchMethodError'{0x00000000eabea160}: 'void java.lang.invoke.DirectMethodHandle$Holder.invokeStatic(java.lang.Object, java.lang.Object, java.lang.Object)'> (0x00000000eabea160) 
thrown [./open/src/hotspot/share/interpreter/linkResolver.cpp, line 782]
Event: 0.219 Thread 0x00000288d9e739c0 Exception <a 'java/lang/NoSuchMethodError'{0x00000000ead90b48}: 'void java.lang.invoke.DirectMethodHandle$Holder.invokeStatic(java.lang.Object, java.lang.Object)'> (0x00000000ead90b48) 
thrown [./open/src/hotspot/share/interpreter/linkResolver.cpp, line 782]
Event: 0.221 Thread 0x00000288d9e739c0 Exception <a 'java/lang/NoSuchMethodError'{0x00000000ead94630}: 'void java.lang.invoke.DirectMethodHandle$Holder.invokeStaticInit(java.lang.Object, java.lang.Object)'> (0x00000000ead94630) 
thrown [./open/src/hotspot/share/interpreter/linkResolver.cpp, line 782]
Event: 0.325 Thread 0x00000288d9e739c0 Exception <a 'java/lang/NoSuchMethodError'{0x00000000eaf3d858}: 'void java.lang.invoke.DirectMethodHandle$Holder.invokeSpecial(java.lang.Object, java.lang.Object, java.lang.Object)'> (0x00000000eaf3d858) 
thrown [./open/src/hotspot/share/interpreter/linkResolver.cpp, line 782]
Event: 0.330 Thread 0x00000288d9e739c0 Exception <a 'java/lang/ClassNotFoundException'{0x00000000eaf4f708}: sun/net/www/protocol/c/Handler> (0x00000000eaf4f708) 
thrown [./open/src/hotspot/share/classfile/systemDictionary.cpp, line 295]
Event: 0.338 Thread 0x00000288d9e739c0 Exception <a 'java/io/FileNotFoundException'{0x00000000eaf5dd88}> (0x00000000eaf5dd88) 
thrown [./open/src/hotspot/share/prims/jni.cpp, line 578]
Event: 0.338 Thread 0x00000288d9e739c0 Exception <a 'java/io/FileNotFoundException'{0x00000000eaf5ed00}> (0x00000000eaf5ed00) 
thrown [./open/src/hotspot/share/prims/jni.cpp, line 578]
Event: 0.339 Thread 0x00000288d9e739c0 Exception <a 'java/io/FileNotFoundException'{0x00000000eaf5fc70}> (0x00000000eaf5fc70) 
thrown [./open/src/hotspot/share/prims/jni.cpp, line 578]
Event: 0.339 Thread 0x00000288d9e739c0 Exception <a 'java/io/FileNotFoundException'{0x00000000eaf60bb8}> (0x00000000eaf60bb8) 
thrown [./open/src/hotspot/share/prims/jni.cpp, line 578]
Event: 0.347 Thread 0x00000288d9e739c0 Exception <a 'java/io/FileNotFoundException'{0x00000000eaf7d040}> (0x00000000eaf7d040) 
thrown [./open/src/hotspot/share/prims/jni.cpp, line 578]

Events (20 events):
Event: 0.476 loading class java/lang/ClassFormatError
Event: 0.476 loading class java/lang/ClassFormatError done
Event: 0.479 loading class java/util/NoSuchElementException
Event: 0.479 loading class java/util/NoSuchElementException done
Event: 0.488 loading class java/io/Reader
Event: 0.488 loading class java/io/Reader done
Event: 0.488 loading class java/io/InputStreamReader
Event: 0.488 loading class java/io/InputStreamReader done
Event: 0.490 loading class java/net/URLClassLoader$2
Event: 0.490 loading class java/net/URLClassLoader$2 done
Event: 0.495 loading class sun/net/www/protocol/jar/URLJarFile$URLJarFileEntry
Event: 0.495 loading class sun/net/www/protocol/jar/URLJarFile$URLJarFileEntry done
Event: 0.495 loading class sun/net/www/protocol/jar/JarURLConnection$JarURLInputStream
Event: 0.495 loading class sun/net/www/protocol/jar/JarURLConnection$JarURLInputStream done
Event: 0.536 loading class java/io/BufferedReader
Event: 0.536 loading class java/io/BufferedReader done
Event: 0.536 loading class sun/nio/cs/StreamDecoder
Event: 0.536 loading class sun/nio/cs/StreamDecoder done
Event: 0.536 loading class sun/nio/cs/UTF_8$Decoder
Event: 0.537 loading class sun/nio/cs/UTF_8$Decoder done


Dynamic libraries:
0x00007ff7a4d80000 - 0x00007ff7a4d8f000 	C:\Program Files\Java\jdk-15.0.2\bin\java.exe
0x00007ffc89ff0000 - 0x00007ffc8a1e5000 	C:\WINDOWS\SYSTEM32\ntdll.dll
0x00007ffc88140000 - 0x00007ffc881fd000 	C:\WINDOWS\System32\KERNEL32.DLL
0x00007ffc87820000 - 0x00007ffc87ae9000 	C:\WINDOWS\System32\KERNELBASE.dll
0x00007ffc87f60000 - 0x00007ffc88060000 	C:\WINDOWS\System32\ucrtbase.dll
0x00007ffc7e6c0000 - 0x00007ffc7e6d8000 	C:\Program Files\Java\jdk-15.0.2\bin\jli.dll
0x00007ffc88090000 - 0x00007ffc8813c000 	C:\WINDOWS\System32\ADVAPI32.dll
0x00007ffc7d650000 - 0x00007ffc7d669000 	C:\Program Files\Java\jdk-15.0.2\bin\VCRUNTIME140.dll
0x00007ffc88b60000 - 0x00007ffc88bfe000 	C:\WINDOWS\System32\msvcrt.dll
0x00007ffc88470000 - 0x00007ffc8850b000 	C:\WINDOWS\System32\sechost.dll
0x00007ffc88a30000 - 0x00007ffc88b5a000 	C:\WINDOWS\System32\RPCRT4.dll
0x00007ffc88890000 - 0x00007ffc88a30000 	C:\WINDOWS\System32\USER32.dll
0x00007ffc87ce0000 - 0x00007ffc87d02000 	C:\WINDOWS\System32\win32u.dll
0x00007ffc88060000 - 0x00007ffc8808a000 	C:\WINDOWS\System32\GDI32.dll
0x00007ffc77920000 - 0x00007ffc77bba000 	C:\WINDOWS\WinSxS\amd64_microsoft.windows.common-controls_6595b64144ccf1df_6.0.19041.1083_none_60bbe31371f34e71\COMCTL32.dll
0x00007ffc87d70000 - 0x00007ffc87e7b000 	C:\WINDOWS\System32\gdi32full.dll
0x00007ffc87780000 - 0x00007ffc8781d000 	C:\WINDOWS\System32\msvcp_win.dll
0x00007ffc7f610000 - 0x00007ffc7f61a000 	C:\WINDOWS\SYSTEM32\VERSION.dll
0x00007ffc88510000 - 0x00007ffc88540000 	C:\WINDOWS\System32\IMM32.DLL
0x00007ffc7d7c0000 - 0x00007ffc7d7cc000 	C:\Program Files\Java\jdk-15.0.2\bin\vcruntime140_1.dll
0x00007ffc54450000 - 0x00007ffc544e1000 	C:\Program Files\Java\jdk-15.0.2\bin\msvcp140.dll
0x00007ffc3fb60000 - 0x00007ffc406be000 	C:\Program Files\Java\jdk-15.0.2\bin\server\jvm.dll
0x00007ffc89b30000 - 0x00007ffc89b38000 	C:\WINDOWS\System32\PSAPI.DLL
0x00007ffc73040000 - 0x00007ffc73049000 	C:\WINDOWS\SYSTEM32\WSOCK32.dll
0x00007ffc88c00000 - 0x00007ffc88c6b000 	C:\WINDOWS\System32\WS2_32.dll
0x00007ffc852b0000 - 0x00007ffc852d7000 	C:\WINDOWS\SYSTEM32\WINMM.dll
0x00007ffc85ff0000 - 0x00007ffc86002000 	C:\WINDOWS\SYSTEM32\kernel.appcore.dll
0x00007ffc7d730000 - 0x00007ffc7d73a000 	C:\Program Files\Java\jdk-15.0.2\bin\jimage.dll
0x00007ffc850c0000 - 0x00007ffc852a4000 	C:\WINDOWS\SYSTEM32\DBGHELP.DLL
0x00007ffc7de20000 - 0x00007ffc7de4c000 	C:\WINDOWS\SYSTEM32\dbgcore.DLL
0x00007ffc87c50000 - 0x00007ffc87cd3000 	C:\WINDOWS\System32\bcryptPrimitives.dll
0x00007ffc7d520000 - 0x00007ffc7d545000 	C:\Program Files\Java\jdk-15.0.2\bin\java.dll
0x00007ffc89220000 - 0x00007ffc8995f000 	C:\WINDOWS\System32\SHELL32.dll
0x00007ffc85840000 - 0x00007ffc85fd1000 	C:\WINDOWS\SYSTEM32\windows.storage.dll
0x00007ffc88ec0000 - 0x00007ffc89215000 	C:\WINDOWS\System32\combase.dll
0x00007ffc871a0000 - 0x00007ffc871cc000 	C:\WINDOWS\SYSTEM32\Wldp.dll
0x00007ffc88290000 - 0x00007ffc8833e000 	C:\WINDOWS\System32\SHCORE.dll
0x00007ffc88e00000 - 0x00007ffc88e55000 	C:\WINDOWS\System32\shlwapi.dll
0x00007ffc87670000 - 0x00007ffc8768f000 	C:\WINDOWS\SYSTEM32\profapi.dll
0x00007ffc7d500000 - 0x00007ffc7d519000 	C:\Program Files\Java\jdk-15.0.2\bin\net.dll
0x00007ffc84630000 - 0x00007ffc8473a000 	C:\WINDOWS\SYSTEM32\WINHTTP.dll
0x00007ffc86f00000 - 0x00007ffc86f6a000 	C:\WINDOWS\system32\mswsock.dll
0x00007ffc7d290000 - 0x00007ffc7d2a2000 	C:\Program Files\Java\jdk-15.0.2\bin\nio.dll
0x00007ffc7d270000 - 0x00007ffc7d288000 	C:\Program Files\Java\jdk-15.0.2\bin\zip.dll

dbghelp: loaded successfully - version: 4.0.5 - missing functions: none
symbol engine: initialized successfully - sym options: 0x614 - pdb path: .;C:\Program Files\Java\jdk-15.0.2\bin;C:\WINDOWS\SYSTEM32;C:\WINDOWS\WinSxS\amd64_microsoft.windows.common-controls_6595b64144ccf1df_6.0.19041.1083_none_60bbe31371f34e71;C:\Program Files\Java\jdk-15.0.2\bin\server

VM Arguments:
jvm_args: --add-modules=ALL-SYSTEM --add-opens=java.base/java.util=ALL-UNNAMED --add-opens=java.base/java.lang=ALL-UNNAMED -Declipse.application=org.eclipse.jdt.ls.core.id1 -Dosgi.bundles.defaultStartLevel=4 -Declipse.product=org.eclipse.jdt.ls.core.product -Dfile.encoding=utf8 -DwatchParentProcess=false -XX:+UseParallelGC -XX:GCTimeRatio=4 -XX:AdaptiveSizePolicyWeight=90 -Dsun.zip.disableMemoryMapping=true -Xmx1G -Xms100m 
java_command: c:\Users\wls40\.vscode\extensions\redhat.java-0.80.0\server\plugins\org.eclipse.equinox.launcher_1.6.200.v20210416-2027.jar -configuration c:\Users\wls40\AppData\Roaming\Code\User\globalStorage\redhat.java\0.80.0\config_ss_win -data c:\Users\wls40\AppData\Roaming\Code\User\workspaceStorage\2decc0b6ac046c91412c6f07de9c97c7\redhat.java\ss_ws
java_class_path (initial): c:\Users\wls40\.vscode\extensions\redhat.java-0.80.0\server\plugins\org.eclipse.equinox.launcher_1.6.200.v20210416-2027.jar
Launcher Type: SUN_STANDARD

[Global flags]
    uintx AdaptiveSizePolicyWeight                 = 90                                        {product} {command line}
     intx CICompilerCount                          = 4                                         {product} {ergonomic}
    uintx GCTimeRatio                              = 4                                         {product} {command line}
   size_t InitialHeapSize                          = 104857600                                 {product} {command line}
   size_t MaxHeapSize                              = 1073741824                                {product} {command line}
   size_t MaxNewSize                               = 357564416                                 {product} {ergonomic}
   size_t MinHeapDeltaBytes                        = 524288                                    {product} {ergonomic}
   size_t MinHeapSize                              = 104857600                                 {product} {command line}
   size_t NewSize                                  = 34603008                                  {product} {ergonomic}
    uintx NonNMethodCodeHeapSize                   = 5839372                                {pd product} {ergonomic}
    uintx NonProfiledCodeHeapSize                  = 122909434                              {pd product} {ergonomic}
   size_t OldSize                                  = 70254592                                  {product} {ergonomic}
    uintx ProfiledCodeHeapSize                     = 122909434                              {pd product} {ergonomic}
    uintx ReservedCodeCacheSize                    = 251658240                              {pd product} {ergonomic}
     bool SegmentedCodeCache                       = true                                      {product} {ergonomic}
   size_t SoftMaxHeapSize                          = 1073741824                             {manageable} {ergonomic}
     bool UseCompressedClassPointers               = true                                 {lp64_product} {ergonomic}
     bool UseCompressedOops                        = true                                 {lp64_product} {ergonomic}
     bool UseLargePagesIndividualAllocation        = false                                  {pd product} {ergonomic}
     bool UseParallelGC                            = true                                      {product} {command line}

Logging:
Log output configuration:
 #0: stdout all=warning uptime,level,tags
 #1: stderr all=off uptime,level,tags

Environment Variables:
JAVA_HOME=C:\Program Files\Java\jdk-15.0.2
PATH=C:\oraclexe\app\oracle\product\11.2.0\server\bin;C:\Program Files\Common Files\Oracle\Java\javapath;C:\Program Files (x86)\Common Files\Oracle\Java\javapath;C:\Program Files (x86)\NAT Service;C:\Windows\system32;C:\Windows;C:\Windows\System32\Wbem;C:\Windows\System32\WindowsPowerShell\v1.0\;C:\Windows\System32\OpenSSH\;C:\Program Files\NVIDIA Corporation\NVIDIA NvDLISR;C:\WINDOWS\system32;C:\WINDOWS;C:\WINDOWS\System32\Wbem;C:\WINDOWS\System32\WindowsPowerShell\v1.0\;C:\WINDOWS\System32\OpenSSH\;C:\Program Files\nodejs\;C:\Program Files\Git\cmd;C:\Program Files\Java\jdk-15.0.2\bin;C:\Program Files\TortoiseSVN\bin;C:\Program Files\MySQL\MySQL Shell 8.0\bin\;C:\Users\wls40\AppData\Local\Programs\Python\Python39\Scripts\;C:\Users\wls40\AppData\Local\Programs\Python\Python39\;C:\Users\wls40\AppData\Local\Microsoft\WindowsApps;C:\Program Files\Bandizip\;C:\Users\wls40\AppData\Local\Programs\Microsoft VS Code\bin;C:\Exercism;C:\Users\wls40\AppData\Roaming\npm;C:\Users\wls40\AppData\Local\atom\bin;C:\ProgramData\wls40\GitHubDesktop\bin;C:\Users\wls40\AppData\Local\GitHubDesktop\bin
USERNAME=wls40
OS=Windows_NT
PROCESSOR_IDENTIFIER=Intel64 Family 6 Model 142 Stepping 10, GenuineIntel



---------------  S Y S T E M  ---------------

OS:
 Windows 10 , 64 bit Build 19041 (10.0.19041.1023)
OS uptime: 7 days 23:19 hours

CPU: total 8 (initial active 8) (4 cores per cpu, 2 threads per core) family 6 model 142 stepping 10 microcode 0xe0, cmov, cx8, fxsr, mmx, sse, sse2, sse3, ssse3, sse4.1, sse4.2, popcnt, vzeroupper, avx, avx2, aes, clmul, erms, 3dnowpref, lzcnt, ht, tsc, tscinvbit, bmi1, bmi2, adx, fma, clflush, clflushopt

Memory: 4k page, system-wide physical 8066M (1505M free)
TotalPageFile size 32642M (AvailPageFile size 11M)
current process WorkingSet (physical memory assigned to process): 59M, peak: 59M
current process commit charge ("private bytes"): 207M, peak: 207M

vm_info: Java HotSpot(TM) 64-Bit Server VM (15.0.2+7-27) for windows-amd64 JRE (15.0.2+7-27), built on Dec  7 2020 20:07:01 by "mach5one" with unknown MS VC++:1925

END.
